<?xml version="1.0" encoding="UTF-8"?>
<testng-results ignored="0" total="1" passed="1" failed="0" skipped="0">
  <reporter-output>
  </reporter-output>
  <suite started-at="2025-08-22T19:10:45 IST" name="Default suite" finished-at="2025-08-22T19:10:52 IST" duration-ms="6309">
    <groups>
    </groups>
    <test started-at="2025-08-22T19:10:45 IST" name="Default test" finished-at="2025-08-22T19:10:52 IST" duration-ms="6309">
      <class name="TestCases.AddTocartTestcase">
        <test-method is-config="true" signature="setupmethod()[pri:0, instance:TestCases.AddTocartTestcase@34e9fd99]" started-at="2025-08-22T19:10:45 IST" name="setupmethod" finished-at="2025-08-22T19:10:49 IST" duration-ms="3216" status="PASS">
          <reporter-output>
          </reporter-output>
        </test-method> <!-- setupmethod -->
        <test-method signature="clickonAddtocart()[pri:0, instance:TestCases.AddTocartTestcase@34e9fd99]" started-at="2025-08-22T19:10:49 IST" name="clickonAddtocart" finished-at="2025-08-22T19:10:52 IST" duration-ms="3008" status="PASS">
          <reporter-output>
          </reporter-output>
        </test-method> <!-- clickonAddtocart -->
      </class> <!-- TestCases.AddTocartTestcase -->
    </test> <!-- Default test -->
  </suite> <!-- Default suite -->
</testng-results>
