<?xml version="1.0" encoding="UTF-8"?>
<testng-results ignored="0" total="1" passed="1" failed="0" skipped="0">
  <reporter-output>
  </reporter-output>
  <suite started-at="2025-08-13T12:11:28 IST" name="Default suite" finished-at="2025-08-13T12:11:35 IST" duration-ms="6615">
    <groups>
    </groups>
    <test started-at="2025-08-13T12:11:28 IST" name="Default test" finished-at="2025-08-13T12:11:35 IST" duration-ms="6615">
      <class name="TestCases.LoginTestcases">
        <test-method is-config="true" signature="setupmethod()[pri:0, instance:TestCases.LoginTestcases@6a6cb05c]" started-at="2025-08-13T12:11:28 IST" name="setupmethod" finished-at="2025-08-13T12:11:33 IST" duration-ms="4433" status="PASS">
          <reporter-output>
          </reporter-output>
        </test-method> <!-- setupmethod -->
        <test-method signature="loginBycorrectCredential()[pri:0, instance:TestCases.LoginTestcases@6a6cb05c]" started-at="2025-08-13T12:11:33 IST" name="loginBycorrectCredential" finished-at="2025-08-13T12:11:35 IST" duration-ms="2070" status="PASS">
          <reporter-output>
          </reporter-output>
        </test-method> <!-- loginBycorrectCredential -->
      </class> <!-- TestCases.LoginTestcases -->
    </test> <!-- Default test -->
  </suite> <!-- Default suite -->
</testng-results>
